9463
6682
1248
6149
5664
8275
1248
6149
6955
6923
1644
9435
5111
822
2906
9435
5462
3628
2940
5462
4917
822
5497
4572
2906
4868
5530
7294
8646
8513
4572
6621
690
3590
7227
439
1240
2831
2299
5014
8932
6621
2906
7631
8160
315
5958
5497
2940
783
2758
9724
8196
8809
8646
3880
9001
5527
2831
3580
9588
4408
632
1694
764
9001
2940
8693
1694
9001
3167
7075
9858
6013
5446
439
2979
9588
5086
7013
5993
960
7294
6310
55
2900
1780
3548
729
1554
8693
367
2900
7955
2299
769
7355
5644
2366
4108
5086
2860
5957
3506
4572
5812
7633
5453
8711
461
8921
3474
1206
2854
2816
1563
1395
3819
4917
8901
9135
3584
2579
9936
8634
4381
2370
1562
7013
3852
8693
5822
3173
8913
7629
3164
9654
652
1092
2407
3474
1478
4073
8757
8933
9068
6966
7081
4148
3252
5423
4870
769
5557
6500
5957
8925
8634
8533
5935
764
4148
3041
1902
9858
5502
1206
876
8391
2045
3436
4233
8646
8843
8709
4049
2594
1685
8643
951
3527
1939
9135
9798
7751
690
8241
7877
1583
2897
2093
5052
8634
6199
4870
5645
2082
920
1007
8751
3471
3968
9231
5812
5455
8770
7554
9858
9410
5078
2852
8160
4373
9961
461
9262
8476
7966
4723
6211
3980
3920
7432
807
7633
1404
7592
757
7441
7835
3609
1497
3832
7075
989
265
554
6026
7643
2336
2893
6265
5530
9685
8155
2889
7857
7835
6828
1966
3761
5581
4894
2860
1232
1750
7491
7571
7491
3920
8455
5432
5147
4215
8693
7527
8981
1670
3471
9135
5254
2869
3135
2802
5743
7209
7049
1841
1502
5135
6065
764
3711
2197
777
7631
9320
6760
1562
3203
939
5462
3049
2827
1685
4269
9771
5210
3181
4097
729
1951
5962
5559
2906
4791
5743
5577
3181
1502
2769
6353
3806
9593
5581
1670
6964
8693
3049
3506
9222
9961
26
9529
5368
5156
6357
2875
6818
8913
7527
4173
7002
6700
8739
7787
6779
764
4108
9320
2199
3506
1111
1653
7966
5579
191
8036
5369
5690
7503
5369
2280
4198
7754
7527
6946
4939
2889
1442
4943
2195
7966
8059
1201
730
7432
9101
5083
5763
1206
1902
5755
3968
7006
3672
4153
4036
1389
2082
6353
8183
3872
7527
192
3197
1321
3645
5886
2979
8888
9775
4998
9056
101
5495
6265
4036
7253
5579
3041
8746
3474
7870
2769
2860
5812
4013
5156
7983
6265
91
9758
8102
9062
7436
5368
5810
1643
9775
5742
3252
6942
9570
7209
8600
7464
1936
729
3038
189
7935
9533
3994
1214
3872
1174
9477
6423
4373
2734
4712
7470
9896
8816
9605
2087
3720
3339
3880
9355
2775
6118
3347
5743
9871
7527
4840
5134
8516
5591
9262
5821
1034
4992
7908
3584
7751
1145
6329
6955
5760
320
6423
1472
1393
9913
5755
8604
6781
3222
7175
3539
775
4973
4024
8202
9548
1185
4899
1317
66
3852
5165
2771
20
7926
1044
5198
380
8875
9542
6360
6408
9171
2866
7430
1082
1445
1857
4024
4441
2647
1174
8476
55
1274
1329
2958
7132
710
8186
5538
5178
6469
9697
7303
1397
7719
951
2427
6851
4092
9222
3590
3945
2280
1630
3984
9437
1913
976
72
1716
7580
7935
1725
5886
4383
2775
4283
8351
4723
5297
3484
4870
9567
6643
2136
5288
7870
8281
3587
4946
7751
3156
1433
2257
4968
328
9641
9605
7081
9970
6420
6103
8519
9356
5497
4270
187
1219
3838
1397
7304
6813
7131
3097
2979
1898
775
7457
1670
8281
7457
592
2009
2629
5732
7006
9959
9708
7745
6709
3775
3294
2083
3633
9387
8334
6300
85
7096
5185
5214
1364
9101
1787
5205
1007
1140
7433
7369
960
9414
6599
3381
1931
7143
1684
7006
9192
7359
204
7209
1478
1864
8933
8106
1308
9798
1063
5186
797
7767
2926
771
3527
9117
8398
3990
6942
7541
5497
1194
9897
4569
5793
6101
932
976
5035
5636
2289
6966
2945
9463
7850
9160
9080
2480
7242
2641
5714
6549
5273
9022
1203
3613
4073
4498
9702
3630
5462
3508
7457
9375
2734
9724
1879
2025
5134
2889
1220
5770
1725
5131
4148
819
161
9719
3303
8289
5424
9890
6847
5276
9875
5788
8327
5838
7639
9016
6723
4040
2920
4530
9290
1697
138
1378
3340
5743
2758
3711
3990
7554
5305
5172
4846
6169
3611
6322
268
9497
7006
1352
2477
9445
8347
1879
892
9833
1405
255
6322
4345
5214
8323
5118
3845
5645
2347
9837
3380
4642
4450
6417
4313
465
5748
9407
446
9606
2141
992
541
3818
7457
870
1237
5595
7258
3163
1808
4598
9479
4899
8348
1677
101
6378
1058
7835
1571
3695
128
5774
1953
1200
6645
9699
1746
8432
3821
2163
6205
129
7230
9178
5881
1445
2025
918
8009
1097
2089
7274
1933
1433
8036
6317
9759
7416
9097
7287
3735
3717
7492
4275
387
5729
1706
5156
8665
7596
4548
8166
2284
1502
5683
2719
1304
3272
1808
551
1113
3503
7287
2646
5496
8141
7580
2728
4560
4539
3335
4410
6268
1292
4320
6478
2630
9862
2958
2152
8289
3095
5927
9152
2152
8065
8065
7347
4869
4489
8018
6021
1478
2424
3695
6806
1638
1548
2083
653
6495
5557
4153
2860
7272
3818
9607
5557
2647
9621
1168
8594
8629
9410
1518
1752
7577
403
6868
1156
4840
210
7305
7923
6331
734
4406
2860
9925
3730
3038
5377
3182
7919
8288
5423
7187
1958
61
5746
465
8014
1708
3662
7640
3729
6240
1450
4489
6264
1385
2264
7038
2719
9497
976
8307
8077
8149
7713
6083
8720
8326
7857
2009
4746
6101
7626
2972
101
8038
6353
1804
4903
6645
2598
3662
5120
472
5100
1232
9443
5061
4488
7632
9309
9171
6642
4198
5774
9557
8059
8324
151
85
3350
6237
8068
1847
146
3220
3330
2926
6046
8276
4968
242
9596
5364
2841
3164
3613
5369
3988
6420
5937
3506
7156
2253
28
9473
3087
2
7397
3096
9190
3900
7926
3775
7727
5887
3220
8604
8351
2809
9402
5198
6101
1673
9902
3604
2752
472
8767
8454
4542
4548
9720
1443
6252
7460
4968
62
4036
1023
1681
8526
9288
4208
5552
5529
9795
8129
7464
8089
1115
1034
9792
3311
4383
9727
6440
2143
6313
3999
1623
7270
4737
4473
5967
1585
7010
3159
1919
5341
9238
8252
653
2113
1549
4810
1409
3092
9562
2989
8347
3774
8299
6686
6851
7130
7326
4238
1373
3036
5228
4275
5960
6024
6863
7404
9434
2417
3612
3438
3693
5530
9511
541
4463
4089
5933
1140
2424
268
6469
2031
5578
1156
4664
5873
1472
6559
3101
6103
1156
3882
1416
9839
1416
7287
7468
4221
298
5993
6885
9863
4451
9712
6850
9309
3906
2162
5443
6686
221
3052
6102
1872
1630
2670
4688
7563
7106
7575
734
7453
7541
8421
8600
2904
9653
161
3227
9871
4768
3314
1787
7127
7505
7100
5783
6776
7398
3495
2353
7813
2264
2661
5210
18
5081
7881
9589
3774
265
5013
327
7980
4724
8183
4479
4861
867
3828
2840
8198
7150
5742
3630
7072
2178
1286
2734
4063
6083
1130
4821
4119
3416
7081
3197
3352
75
2206
7713
5881
7349
2895
9727
9848
7350
450
3177
2498
422
7200
7189
4015
3361
5166
2802
7100
6610
59
6078
4039
6300
7864
2282
7049
6343
8398
6679
3485
9961
2409
6770
2749
7631
3560
8052
6408
2112
7355
2439
7700
529
7533
542
2738
452
7480
5997
4999
3818
5153
8996
5632
7813
1453
6082
8485
3339
8146
6243
379
6085
5100
1478
808
7476
1763
1552
7202
3453
9473
9404
9936
4089
6755
9315
4
3549
8431
6214
328
7501
5206
3205
7956
9624
3321
4676
1924
8162
1270
6848
9736
6156
3866
5082
8454
6483
5446
5435
4904
426
9753
1329
4088
1864
5041
6777
4114
7859
7818
6850
6284
2942
3018
8445
6620
1590
8058
3671
4214
2421
5607
3235
7908
3914
7448
9918
8476
3416
64
501
3593
7952
7135
5818
311
8432
2070
28
242
6126
2030
6850
6755
8040
1352
9813
124
5356
7200
7682
2795
5886
9877
1166
1185
5276
6644
2592
7990
4737
9985
1934
7294
886
4400
999
9917
3984
5483
9811
3090
3996
3114
4846
9775
3873
356
6766
4954
1370
7903
1508
9380
9989
7272
7230
5653
7962
3596
5368
8767
7378
80
4670
9720
1514
3763
2070
8077
1673
4351
8851
6408
5960
3878
9425
7191
3773
4723
4907
3314
7505
1916
91
3801
770
9415
5673
2143
9528
4822
2164
3379
8324
1206
9060
4594
4043
2262
6299
4164
91
1664
3593
3442
5937
9506
5540
7800
4482
7753
7793
8327
9497
381
1752
3920
2615
1268
8014
6880
4041
279
1632
1827
5577
7473
2134
6780
8231
3451
8473
4816
2255
7200
9477
2480
5997
221
7506
4673
7787
2664
2662
1708
426
2675
4439
2219
3732
8720
3900
7919
4324
9433
3338
1972
4089
6544
438
2907
9728
9557
7157
7121
1555
7267
6320
9961
6154
6151
1853
1811
273
2840
2662
6960
5952
7597
3761
5654
1593
3014
3203
4201
8146
8047
4452
6180
3049
9670
5718
3032
7913
3652
7562
3473
3081
6052
4161
3290
2048
2093
2193
6827
7535
3982
9589
6727
1447
8135
4113
7615
3969
9753
8455
4308
6358
7628
3555
4186
3066
550
3685
5064
2998
9720
2542
2667
4690
2304
8463
2283
3014
9248
7978
7097
9654
463
8454
6247
8207
4071
3136
2791
9378
5979
3049
6662
5719
7169
5771
5515
7731
7164
2231
8068
2767
2213
8780
7324
3671
7907
6941
6477
6675
8747
1983
2436
4161
9871
4091
5607
2162
9989
6232
2231
2349
4237
193
1901
7535
274
5256
4559
7575
4279
5981
4113
4482
332
5885
4992
2726
7475
3969
3129
3309
291
3574
3534
3204
9337
5774
1918
212
3060
5343
1288
4440
1896
7725
3953
1422
4400
6748
5266
3562
5232
8378
8873
2418
7520
7808
8058
4699
6679
3245
2450
7523
474
6788
8153
4004
1317
3361
7504
3984
7022
4182
3339
7803
3668
5004
5399
72
3453
3569
1715
9015
8774
6760
3893
6334
6649
5996
5878
5050
9779
5644
3740
4009
7755
3019
7252
5103
2197
3221
2824
377
2349
1951
642
4395
5844
2227
4917
6083
1124
9680
8435
3534
3300
2500
8698
6902
385
3381
3662
7935
2413
8520
5785
5095
1399
3893
2486
4946
9574
7537
6467
1383
1816
3542
331
5269
5007
398
274
157
7281
5572
3202
5195
7555
1927
9848
4807
9492
5012
1760
7787
8133
4973
5601
6204
2026
6841
6375
5436
9746
3303
6941
1416
4972
9735
3718
7450
9451
1376
5399
1793
1738
4468
5205
1133
1444
2253
3871
7859
3685
543
770
4961
2647
2206
7993
312
7015
6227
5996
662
668
4337
4752
2855
9788
6473
4370
3227
7415
4000
9854
8092
9688
840
956
2211
169
7954
7026
7248
2906
5410
6786
7720
5655
3804
3021
2188
3227
5927
5756
8800
3338
7349
3310
9659
9619
9966
8640
4205
5982
5635
6228
8838
5910
8289
2592
3368
4161
5448
7094
3953
5258
7785
6668
4498
5165
6375
1825
6234
5090
585
2312
3494
4356
8414
6051
7949
4814
2641
5355
9751
3323
6795
6576
3403
9890
94
8200
6418
8343
9601
1422
6453
7276
2482
787
6864
9887
6138
4238
6328
6053
4905
5657
4007
2318
4058
5548
6233
7962
7604
2799
5866
2482
4957
7950
4946
539
3508
4
8192
5166
8737
7480
1124
262
1024
8882
5028
688
827
8276
6293
6322
5439
712
9528
3731
1021
5559
9890
7600
4357
9546
594
9848
8635
7670
8288
1021
1979
8583
9705
3845
6780
3660
539
5713
7866
9500
1024
2911
4206
6058
7773
8042
3486
8001
8048
8391
196
8100
2831
7514
5198
3260
6926
6487
9345
3824
8299
5799
760
8380
4033
3033
471
3593
2273
5138
5305
5937
5200
8731
4204
3499
5560
8591
3292
4604
5760
7412
8598
9780
1891
3636
7706
3560
3393
6920
4884
7356
5739
2797
1556
2564
3035
5772
1906
9508
8677
6008
6381
7080
5895
1715
6199
5866
2414
8504
8571
7949
8238
6966
1272
837
3467
3368
2006
4781
9635
7856
2592
7559
447
941
8767
5914
4840
8129
386
9018
2504
727
6478
8279
4794
9502
7860
6408
1565
4649
3830
3436
8473
5957
8300
3440
8769
4651
7544
5283
615
2815
81
2923
3629
7123
4356
2384
5156
1985
4910
6336
9588
5240
4781
6678
6961
3500
6364
6678
5180
9109
9058
3124
2260
7381
409
9811
4447
8214
9516
4609
5088
5513
1948
9030
5719
3472
802
4954
6317
6473
8396
2470
3172
8106
7304
1668
2419
8104
9193
283
3186
3955
3092
8638
7755
7564
725
2945
6992
8848
9658
7420
123
9733
9535
8789
3512
4877
3561
9570
4807
3353
7448
3960
9019
475
7569
6894
8590
250
3684
1781
9780
3407
1836
6915
514
6645
5394
2582
7580
6600
9708
5463
1996
2440
5561
3250
5015
5143
9568
2936
405
4183
1876
4762
3323
4370
9191
8147
1708
1212
4221
5587
9702
4752
906
5510
8671
1763
8196
594
4203
2118
9719
6640
8775
8673
9236
4644
6495
6056
8283
2907
5377
3834
4479
3124
7321
3404
9681
3968
5588
9008
2332
9570
4097
97
5514
3103
2422
5635
7817
982
7611
2551
5387
6484
9506
6595
7578
4997
8463
5958
5206
2906
2479
2313
5602
20
2187
2712
5756
7464
7233
6585
1625
2733
6075
4743
8645
4016
6951
6247
8269
3863
5617
4420
8838
5418
514
3081
4768
1939
5592
7431
